2023-11-02 17:07:26,877 [INFO] Activator:176 - 


2023-11-02 17:07:26,881 [INFO] Activator:177 - !SESSION log4j initialized
2023-11-02 17:07:32,552 [INFO] LogOutputStream:77 - [STDOUT_REDIRECT] 
2023-11-02 17:07:34,685 [INFO] ApplicationProperties:184 - Using Application install path: C:\ST\STM32CubeIDE_1.13.1\STM32CubeIDE\plugins\com.st.stm32cube.common.mx_6.9.1.202307191849
2023-11-02 17:07:34,705 [INFO] DbMcusXml:78 - Set database path to: C:\ST\STM32CubeIDE_1.13.1\STM32CubeIDE\plugins\com.st.stm32cube.common.mx_6.9.1.202307191849\\db\/mcu/
2023-11-02 17:07:34,705 [INFO] ApiDb:274 - Set plugin database path to: C:\ST\STM32CubeIDE_1.13.1\STM32CubeIDE\plugins\com.st.stm32cube.common.mx_6.9.1.202307191849\\db\/plugins/boardmanager/
2023-11-02 17:07:34,709 [WARN] ApiDb:259 - Overriding images path with different value:  => C:\ST\STM32CubeIDE_1.13.1\STM32CubeIDE\plugins\com.st.stm32cube.common.mx_6.9.1.202307191849\\db\/plugins/mcufinder/images/
2023-11-02 17:07:34,721 [INFO] ApiDb:250 - Set database path to: C:\Users\Ahmed\.stmcufinder\plugins\mcufinder//mcu/
2023-11-02 17:07:34,721 [INFO] DbMcusAds:125 - Set database path to: C:\Users\Ahmed\.stmcufinder\plugins\mcufinder//mcu/
2023-11-02 17:07:34,725 [INFO] CrossReferenceDbSqlite:203 - Set database path to: C:\Users\Ahmed\.stmcufinder\plugins\mcufinder//mcu/cs/
2023-11-02 17:07:34,845 [INFO] RulesReader:64 - Compatibility file has been processed (293 Rules)
2023-11-02 17:07:34,921 [INFO] DbMcusXml:78 - Set database path to: C:\ST\STM32CubeIDE_1.13.1\STM32CubeIDE\plugins\com.st.stm32cube.common.mx_6.9.1.202307191849\\db\/mcu/
2023-11-02 17:07:34,921 [INFO] ApiDb:274 - Set plugin database path to: C:\ST\STM32CubeIDE_1.13.1\STM32CubeIDE\plugins\com.st.stm32cube.common.mx_6.9.1.202307191849\\db\/plugins/boardmanager/
2023-11-02 17:07:34,921 [INFO] ApiDb:261 - Set plugin images path to: C:\ST\STM32CubeIDE_1.13.1\STM32CubeIDE\plugins\com.st.stm32cube.common.mx_6.9.1.202307191849\\db\/plugins/mcufinder/images/
2023-11-02 17:07:34,921 [WARN] DbFile:41 - Overriding database path with different value: C:\Users\Ahmed\.stmcufinder\plugins\mcufinder/ => C:\Users\Ahmed\.stmcufinder\plugins\mcufinder
2023-11-02 17:07:34,921 [INFO] ApiDb:250 - Set database path to: C:\Users\Ahmed\.stmcufinder\plugins\mcufinder//mcu/
2023-11-02 17:07:34,921 [WARN] DbFile:41 - Overriding database path with different value: C:\Users\Ahmed\.stmcufinder\plugins\mcufinder/ => C:\Users\Ahmed\.stmcufinder\plugins\mcufinder
2023-11-02 17:07:34,921 [INFO] DbMcusAds:125 - Set database path to: C:\Users\Ahmed\.stmcufinder\plugins\mcufinder//mcu/
2023-11-02 17:07:34,921 [WARN] DbFile:41 - Overriding database path with different value: C:\Users\Ahmed\.stmcufinder\plugins\mcufinder/ => C:\Users\Ahmed\.stmcufinder\plugins\mcufinder
2023-11-02 17:07:34,921 [WARN] DbFile:41 - Overriding database path with different value: C:\Users\Ahmed\.stmcufinder\plugins\mcufinder/ => C:\Users\Ahmed\.stmcufinder\plugins\mcufinder
2023-11-02 17:07:34,921 [INFO] CrossReferenceDbSqlite:203 - Set database path to: C:\Users\Ahmed\.stmcufinder\plugins\mcufinder//mcu/cs/
2023-11-02 17:07:35,013 [INFO] MainPanel:262 - HeapMemory: 268435456
2023-11-02 17:07:35,115 [INFO] DbMcusXml:78 - Set database path to: C:\ST\STM32CubeIDE_1.13.1\STM32CubeIDE\plugins\com.st.stm32cube.common.mx_6.9.1.202307191849\\db\/mcu/
2023-11-02 17:07:35,119 [INFO] ApiDb:274 - Set plugin database path to: C:\ST\STM32CubeIDE_1.13.1\STM32CubeIDE\plugins\com.st.stm32cube.common.mx_6.9.1.202307191849\\db\/plugins/boardmanager/
2023-11-02 17:07:35,119 [INFO] ApiDb:261 - Set plugin images path to: C:\ST\STM32CubeIDE_1.13.1\STM32CubeIDE\plugins\com.st.stm32cube.common.mx_6.9.1.202307191849\\db\/plugins/mcufinder/images/
2023-11-02 17:07:35,119 [WARN] DbFile:41 - Overriding database path with different value: C:\Users\Ahmed\.stmcufinder\plugins\mcufinder/ => C:\Users\Ahmed\.stmcufinder\plugins\mcufinder
2023-11-02 17:07:35,119 [INFO] ApiDb:250 - Set database path to: C:\Users\Ahmed\.stmcufinder\plugins\mcufinder//mcu/
2023-11-02 17:07:35,119 [WARN] DbFile:41 - Overriding database path with different value: C:\Users\Ahmed\.stmcufinder\plugins\mcufinder/ => C:\Users\Ahmed\.stmcufinder\plugins\mcufinder
2023-11-02 17:07:35,119 [INFO] DbMcusAds:125 - Set database path to: C:\Users\Ahmed\.stmcufinder\plugins\mcufinder//mcu/
2023-11-02 17:07:35,119 [WARN] DbFile:41 - Overriding database path with different value: C:\Users\Ahmed\.stmcufinder\plugins\mcufinder/ => C:\Users\Ahmed\.stmcufinder\plugins\mcufinder
2023-11-02 17:07:35,119 [WARN] DbFile:41 - Overriding database path with different value: C:\Users\Ahmed\.stmcufinder\plugins\mcufinder/ => C:\Users\Ahmed\.stmcufinder\plugins\mcufinder
2023-11-02 17:07:35,119 [INFO] CrossReferenceDbSqlite:203 - Set database path to: C:\Users\Ahmed\.stmcufinder\plugins\mcufinder//mcu/cs/
2023-11-02 17:07:35,135 [INFO] ApplicationProperties:184 - Using Application install path: C:\ST\STM32CubeIDE_1.13.1\STM32CubeIDE\plugins\com.st.stm32cube.common.mx_6.9.1.202307191849
2023-11-02 17:07:35,135 [INFO] PluginManage:196 - Search for loadable plugins [exclusion list=, ]
2023-11-02 17:07:35,135 [INFO] PluginManage:310 - Check plugin analytics
2023-11-02 17:07:35,327 [INFO] AnalyticsPlugin:253 - Accepted Software Licenses: 
2023-11-02 17:07:35,327 [INFO] AnalyticsPlugin:255 - Accepted CMSIS Pack Licenses: 
2023-11-02 17:07:35,327 [INFO] AnalyticsPlugin:257 - Accepted Firmware Licenses: 
2023-11-02 17:07:35,327 [INFO] PluginManage:359 - Loaded plugin analytics (category:tool,tabindex:-1)
2023-11-02 17:07:35,331 [INFO] PluginManage:310 - Check plugin cadmodel
2023-11-02 17:07:35,335 [INFO] CADModel:105 - Init CAD model plugin
2023-11-02 17:07:35,335 [INFO] PluginManage:359 - Loaded plugin cadmodel (category:power,tabindex:5)
2023-11-02 17:07:35,335 [INFO] PluginManage:310 - Check plugin clock
2023-11-02 17:07:35,343 [INFO] PluginManage:359 - Loaded plugin clock (category:base,tabindex:2)
2023-11-02 17:07:35,347 [INFO] PluginManage:310 - Check plugin ddr
2023-11-02 17:07:35,351 [INFO] PluginManage:359 - Loaded plugin ddr (category:tool,tabindex:6)
2023-11-02 17:07:35,355 [INFO] PluginManage:310 - Check plugin filemanager
2023-11-02 17:07:35,530 [INFO] PluginManage:359 - Loaded plugin filemanager (category:base,tabindex:10)
2023-11-02 17:07:35,530 [INFO] PluginManage:310 - Check plugin ipmanager
2023-11-02 17:07:35,539 [INFO] PluginManage:359 - Loaded plugin ipmanager (category:base,tabindex:5)
2023-11-02 17:07:35,539 [INFO] PluginManage:310 - Check plugin lpbam
2023-11-02 17:07:35,547 [INFO] PluginManage:359 - Loaded plugin lpbam (category:base,tabindex:0)
2023-11-02 17:07:35,547 [INFO] PluginManage:310 - Check plugin memorymap
2023-11-02 17:07:35,563 [INFO] PluginManage:359 - Loaded plugin memorymap (category:base,tabindex:4)
2023-11-02 17:07:35,563 [INFO] PluginManage:310 - Check plugin pinoutandconfiguration
2023-11-02 17:07:35,571 [INFO] PluginManage:359 - Loaded plugin pinoutandconfiguration (category:base,tabindex:1)
2023-11-02 17:07:35,571 [INFO] PluginManage:310 - Check plugin pinoutconfig
2023-11-02 17:07:35,671 [WARN] SupportedApi:132 - Cannot load RTOS API schema: s4s-elt-must-match.1: The content of 'definitions' must match (annotation?, (simpleType | complexType)?, (unique | key | keyref)*)). A problem was found starting at: attribute.
2023-11-02 17:07:35,855 [INFO] PluginManage:359 - Loaded plugin pinoutconfig (category:base,tabindex:0)
2023-11-02 17:07:35,855 [INFO] PluginManage:310 - Check plugin power
2023-11-02 17:07:35,867 [INFO] PluginManage:359 - Loaded plugin power (category:power,tabindex:4)
2023-11-02 17:07:35,867 [INFO] PluginManage:310 - Check plugin projectmanager
2023-11-02 17:07:35,887 [INFO] PluginManage:359 - Loaded plugin projectmanager (category:projectmanager,tabindex:3)
2023-11-02 17:07:35,887 [INFO] PluginManage:310 - Check plugin thirdparty
2023-11-02 17:07:36,039 [INFO] PluginManage:359 - Loaded plugin thirdparty (category:base,tabindex:-1)
2023-11-02 17:07:36,039 [WARN] IntegrityCheckThread:84 - waiting for thirdparty lock release [integrity check]
2023-11-02 17:07:36,039 [INFO] PluginManage:310 - Check plugin tools
2023-11-02 17:07:36,039 [INFO] IntegrityCheckThread:86 - entering critical section [integrity check]
2023-11-02 17:07:36,040 [INFO] ThirdPartyUpdaterWithRetryManager:70 - Updater plugin not ready yet. [1/15]
2023-11-02 17:07:36,040 [INFO] PluginManage:359 - Loaded plugin tools (category:base,tabindex:7)
2023-11-02 17:07:36,040 [INFO] PluginManage:310 - Check plugin tutovideos
2023-11-02 17:07:36,216 [INFO] PluginManage:359 - Loaded plugin tutovideos (category:base,tabindex:-1)
2023-11-02 17:07:36,216 [INFO] PluginManage:310 - Check plugin updater
2023-11-02 17:07:36,228 [INFO] PluginManage:359 - Loaded plugin updater (category:base,tabindex:12)
2023-11-02 17:07:36,228 [INFO] PluginManage:310 - Check plugin userauth
2023-11-02 17:07:36,232 [INFO] UserAuth:113 - Init User Auth plugin
2023-11-02 17:07:36,232 [INFO] PluginManage:359 - Loaded plugin userauth (category:base,tabindex:14)
2023-11-02 17:07:36,232 [INFO] PluginManage:283 - PluginManage : Loaded plugins [17]
2023-11-02 17:07:36,428 [INFO] PinOutPanel:1499 - setPackage(No Configuration,No Configuration)
2023-11-02 17:07:36,512 [INFO] CADModel:165 - CPN selected for project level
2023-11-02 17:07:36,512 [INFO] CADModel:114 - Register for checkConnection events
2023-11-02 17:07:36,524 [INFO] IPUIPlugin:80 - create IPUIPlugin
2023-11-02 17:07:36,528 [INFO] PluginManager:220 - loadIPPluginJar : add adc
2023-11-02 17:07:36,528 [INFO] IPUIPlugin:80 - create IPUIPlugin
2023-11-02 17:07:36,528 [INFO] PluginManager:220 - loadIPPluginJar : add aes
2023-11-02 17:07:36,528 [INFO] IPUIPlugin:80 - create IPUIPlugin
2023-11-02 17:07:36,528 [INFO] PluginManager:220 - loadIPPluginJar : add can
2023-11-02 17:07:36,532 [INFO] IPUIPlugin:80 - create IPUIPlugin
2023-11-02 17:07:36,532 [INFO] PluginManager:220 - loadIPPluginJar : add comp
2023-11-02 17:07:36,532 [INFO] IPUIPlugin:80 - create IPUIPlugin
2023-11-02 17:07:36,532 [INFO] PluginManager:220 - loadIPPluginJar : add cryp
2023-11-02 17:07:36,536 [INFO] IPUIPlugin:80 - create IPUIPlugin
2023-11-02 17:07:36,536 [INFO] PluginManager:220 - loadIPPluginJar : add dfsdm
2023-11-02 17:07:36,540 [INFO] IPUIPlugin:80 - create IPUIPlugin
2023-11-02 17:07:36,540 [INFO] PluginManager:220 - loadIPPluginJar : add dma
2023-11-02 17:07:36,544 [INFO] IPUIPlugin:80 - create IPUIPlugin
2023-11-02 17:07:36,544 [INFO] PluginManager:220 - loadIPPluginJar : add dma3
2023-11-02 17:07:36,544 [INFO] IPUIPlugin:80 - create IPUIPlugin
2023-11-02 17:07:36,544 [INFO] PluginManager:220 - loadIPPluginJar : add fatfs
2023-11-02 17:07:36,548 [INFO] IPUIPlugin:80 - create IPUIPlugin
2023-11-02 17:07:36,548 [INFO] PluginManager:220 - loadIPPluginJar : add fmc
2023-11-02 17:07:36,552 [INFO] IPUIPlugin:80 - create IPUIPlugin
2023-11-02 17:07:36,552 [INFO] PluginManager:220 - loadIPPluginJar : add freertos
2023-11-02 17:07:36,552 [INFO] IPUIPlugin:80 - create IPUIPlugin
2023-11-02 17:07:36,552 [INFO] PluginManager:220 - loadIPPluginJar : add genericplugin
2023-11-02 17:07:36,556 [INFO] IPUIPlugin:80 - create IPUIPlugin
2023-11-02 17:07:36,556 [INFO] PluginManager:220 - loadIPPluginJar : add gfxmmu
2023-11-02 17:07:36,556 [INFO] IPUIPlugin:80 - create IPUIPlugin
2023-11-02 17:07:36,556 [INFO] PluginManager:220 - loadIPPluginJar : add gic
2023-11-02 17:07:36,560 [INFO] IPUIPlugin:80 - create IPUIPlugin
2023-11-02 17:07:36,560 [INFO] PluginManager:220 - loadIPPluginJar : add gpio
2023-11-02 17:07:36,564 [INFO] IPUIPlugin:80 - create IPUIPlugin
2023-11-02 17:07:36,564 [INFO] PluginManager:220 - loadIPPluginJar : add gtzc
2023-11-02 17:07:36,564 [INFO] IPUIPlugin:80 - create IPUIPlugin
2023-11-02 17:07:36,564 [INFO] PluginManager:220 - loadIPPluginJar : add hash
2023-11-02 17:07:36,568 [INFO] IPUIPlugin:80 - create IPUIPlugin
2023-11-02 17:07:36,568 [INFO] PluginManager:220 - loadIPPluginJar : add i2c
2023-11-02 17:07:36,568 [INFO] IPUIPlugin:80 - create IPUIPlugin
2023-11-02 17:07:36,568 [INFO] PluginManager:220 - loadIPPluginJar : add i2s
2023-11-02 17:07:36,572 [INFO] IPUIPlugin:80 - create IPUIPlugin
2023-11-02 17:07:36,572 [INFO] PluginManager:220 - loadIPPluginJar : add i3c
2023-11-02 17:07:36,572 [INFO] IPUIPlugin:80 - create IPUIPlugin
2023-11-02 17:07:36,572 [INFO] PluginManager:220 - loadIPPluginJar : add ipddr
2023-11-02 17:07:36,580 [INFO] IPUIPlugin:80 - create IPUIPlugin
2023-11-02 17:07:36,580 [INFO] PluginManager:220 - loadIPPluginJar : add linkedlist
2023-11-02 17:07:36,580 [INFO] IPUIPlugin:80 - create IPUIPlugin
2023-11-02 17:07:36,580 [INFO] PluginManager:220 - loadIPPluginJar : add lorawan
2023-11-02 17:07:36,584 [INFO] IPUIPlugin:80 - create IPUIPlugin
2023-11-02 17:07:36,584 [INFO] PluginManager:220 - loadIPPluginJar : add ltdc
2023-11-02 17:07:36,588 [INFO] IPUIPlugin:80 - create IPUIPlugin
2023-11-02 17:07:36,588 [INFO] PluginManager:220 - loadIPPluginJar : add mdma
2023-11-02 17:07:36,588 [INFO] IPUIPlugin:80 - create IPUIPlugin
2023-11-02 17:07:36,588 [INFO] PluginManager:220 - loadIPPluginJar : add nvic
2023-11-02 17:07:36,592 [INFO] IPUIPlugin:80 - create IPUIPlugin
2023-11-02 17:07:36,592 [INFO] PluginManager:220 - loadIPPluginJar : add opamp
2023-11-02 17:07:36,592 [INFO] IPUIPlugin:80 - create IPUIPlugin
2023-11-02 17:07:36,592 [INFO] PluginManager:220 - loadIPPluginJar : add openamp
2023-11-02 17:07:36,596 [INFO] IPUIPlugin:80 - create IPUIPlugin
2023-11-02 17:07:36,596 [INFO] PluginManager:220 - loadIPPluginJar : add pdm2pcm
2023-11-02 17:07:36,600 [INFO] IPUIPlugin:80 - create IPUIPlugin
2023-11-02 17:07:36,604 [INFO] PluginManager:220 - loadIPPluginJar : add plateformsettings
2023-11-02 17:07:36,604 [INFO] IPUIPlugin:80 - create IPUIPlugin
2023-11-02 17:07:36,604 [INFO] PluginManager:220 - loadIPPluginJar : add quadspi
2023-11-02 17:07:36,608 [INFO] IPUIPlugin:80 - create IPUIPlugin
2023-11-02 17:07:36,608 [INFO] PluginManager:220 - loadIPPluginJar : add resmgrutility
2023-11-02 17:07:36,608 [INFO] IPUIPlugin:80 - create IPUIPlugin
2023-11-02 17:07:36,608 [INFO] PluginManager:220 - loadIPPluginJar : add sai
2023-11-02 17:07:36,612 [INFO] IPUIPlugin:80 - create IPUIPlugin
2023-11-02 17:07:36,612 [INFO] PluginManager:220 - loadIPPluginJar : add spi
2023-11-02 17:07:36,616 [INFO] IPUIPlugin:80 - create IPUIPlugin
2023-11-02 17:07:36,616 [INFO] PluginManager:220 - loadIPPluginJar : add stm32_wpan
2023-11-02 17:07:36,616 [INFO] IPUIPlugin:80 - create IPUIPlugin
2023-11-02 17:07:36,616 [INFO] PluginManager:220 - loadIPPluginJar : add tim
2023-11-02 17:07:36,620 [INFO] IPUIPlugin:80 - create IPUIPlugin
2023-11-02 17:07:36,620 [INFO] PluginManager:220 - loadIPPluginJar : add touchsensing
2023-11-02 17:07:36,620 [INFO] IPUIPlugin:80 - create IPUIPlugin
2023-11-02 17:07:36,620 [INFO] PluginManager:220 - loadIPPluginJar : add tracer_emb
2023-11-02 17:07:36,624 [INFO] IPUIPlugin:80 - create IPUIPlugin
2023-11-02 17:07:36,624 [INFO] PluginManager:220 - loadIPPluginJar : add ts
2023-11-02 17:07:36,624 [INFO] IPUIPlugin:80 - create IPUIPlugin
2023-11-02 17:07:36,624 [INFO] PluginManager:220 - loadIPPluginJar : add tsc
2023-11-02 17:07:36,624 [INFO] IPUIPlugin:80 - create IPUIPlugin
2023-11-02 17:07:36,624 [INFO] PluginManager:220 - loadIPPluginJar : add ucpd
2023-11-02 17:07:36,628 [INFO] IPUIPlugin:80 - create IPUIPlugin
2023-11-02 17:07:36,628 [INFO] PluginManager:220 - loadIPPluginJar : add usart
2023-11-02 17:07:36,628 [INFO] IPUIPlugin:80 - create IPUIPlugin
2023-11-02 17:07:36,628 [INFO] PluginManager:220 - loadIPPluginJar : add usbx
2023-11-02 17:07:36,732 [INFO] CADModel:165 - CPN selected for project level
2023-11-02 17:07:36,732 [INFO] CADModel:114 - Register for checkConnection events
2023-11-02 17:07:36,732 [FATAL] Updater:308 - Updater called before beeing initialized
2023-11-02 17:07:36,732 [ERROR] CADModel:125 - Updater not yet initialized, retry later 
2023-11-02 17:07:36,860 [INFO] CADModel:165 - CPN selected for project level
2023-11-02 17:07:36,860 [INFO] CADModel:114 - Register for checkConnection events
2023-11-02 17:07:36,860 [FATAL] Updater:308 - Updater called before beeing initialized
2023-11-02 17:07:36,860 [ERROR] CADModel:125 - Updater not yet initialized, retry later 
2023-11-02 17:07:36,860 [FATAL] Updater:308 - Updater called before beeing initialized
2023-11-02 17:07:36,956 [FATAL] Updater:308 - Updater called before beeing initialized
2023-11-02 17:07:36,964 [INFO] DbMcusAds:53 - JSON generation date=Tue Mar 07 10:50:55 EET 2023 (1678179055114)
2023-11-02 17:07:36,964 [FATAL] Updater:308 - Updater called before beeing initialized
2023-11-02 17:07:37,004 [WARN] DetailPanel:346 - Failed to get advertising image, set to default
2023-11-02 17:07:37,112 [FATAL] Updater:308 - Updater called before beeing initialized
2023-11-02 17:07:37,112 [FATAL] Updater:308 - Updater called before beeing initialized
2023-11-02 17:07:37,112 [FATAL] Updater:308 - Updater called before beeing initialized
2023-11-02 17:07:37,112 [WARN] DetailPanel:346 - Failed to get advertising image, set to default
2023-11-02 17:07:37,112 [FATAL] Updater:308 - Updater called before beeing initialized
2023-11-02 17:07:37,150 [ERROR] Updater:1120 - MainUpdater not yet initialized. External WinMGr cannot be set.
2023-11-02 17:07:37,154 [INFO] Updater:1056 - Updater Version found : 6.9.1
2023-11-02 17:07:37,182 [INFO] ApplicationProperties:184 - Using Application install path: C:\ST\STM32CubeIDE_1.13.1\STM32CubeIDE\plugins\com.st.stm32cube.common.mx_6.9.1.202307191849
2023-11-02 17:07:37,386 [INFO] MainUpdater:2868 - connection check result : 10
2023-11-02 17:07:37,390 [INFO] MainUpdater:285 - Updater Check For Update Now.
2023-11-02 17:07:37,390 [INFO] MicroXplorer:498 - Change Database Version : DB.6.0.91
2023-11-02 17:07:37,411 [INFO] McuFinderGlobals:63 - Set McuFinder mode to 2 (CubeIDE integrated)
2023-11-02 17:07:37,411 [INFO] UserAuth:179 - activating auth plugin
2023-11-02 17:07:37,423 [INFO] UserAuth:393 - Internet connection configuration mode: 1
2023-11-02 17:07:37,459 [INFO] JxBrowserEngine:151 - Initiate JxBrowser Engine with user profile folder
2023-11-02 17:07:37,597 [INFO] CheckServerUpdateThread:120 - End of CheckServer Thread
2023-11-02 17:07:38,445 [INFO] WebApp:157 - Instantiating new browser for Auth
2023-11-02 17:07:39,101 [INFO] WebApp:753 - Register for checkConnection events
2023-11-02 17:07:39,101 [INFO] WebApp:390 - Apply proxy settings
2023-11-02 17:07:39,101 [INFO] WebApp:475 - Chromium requires no authentication
2023-11-02 17:07:39,117 [INFO] WebApp:418 - Direct internet connection detected
2023-11-02 17:07:39,252 [WARN] PackLoader:240 - Cannot read IP mode file for STMicroelectronics.X-CUBE-SMBUS.2.1.0
2023-11-02 17:07:39,311 [WARN] PackLoader:240 - Cannot read IP mode file for STMicroelectronics.X-CUBE-AZRTOS-F7.1.1.0
2023-11-02 17:07:39,323 [WARN] PackLoader:240 - Cannot read IP mode file for STMicroelectronics.FP-SNS-MOTENV1.4.3.2
2023-11-02 17:07:39,327 [WARN] PackLoader:240 - Cannot read IP mode file for STMicroelectronics.FP-SNS-FLIGHT1.5.0.2
2023-11-02 17:07:39,337 [WARN] PackLoader:240 - Cannot read IP mode file for STMicroelectronics.X-CUBE-DISPLAY.3.0.0
2023-11-02 17:07:39,357 [WARN] PackLoader:240 - Cannot read IP mode file for STMicroelectronics.X-CUBE-BLE1.7.0.0
2023-11-02 17:07:39,364 [WARN] PackLoader:240 - Cannot read IP mode file for emotas.I-CUBE-CANOPEN.1.3.0
2023-11-02 17:07:39,368 [WARN] PackLoader:240 - Cannot read IP mode file for STMicroelectronics.X-CUBE-TOUCHGFX.4.22.0
2023-11-02 17:07:39,372 [WARN] PackLoader:240 - Cannot read IP mode file for STMicroelectronics.X-CUBE-TOUCHGFX.4.22.1
2023-11-02 17:07:39,380 [WARN] PackLoader:240 - Cannot read IP mode file for STMicroelectronics.FP-SNS-SMARTAG2.1.2.0
2023-11-02 17:07:39,396 [INFO] LogOutputStream:77 - [STDOUT_REDIRECT] 1 : Invalid condition id : UX_CORESTACK_Condition cause : null
2023-11-02 17:07:39,396 [INFO] LogOutputStream:77 - [STDOUT_REDIRECT] 1 : Invalid condition id : UX_CORESTACK_Condition cause : null
2023-11-02 17:07:39,400 [INFO] LogOutputStream:77 - [STDOUT_REDIRECT] 1 : Invalid condition id : UX_CORESTACK_Condition cause : null
2023-11-02 17:07:39,400 [INFO] LogOutputStream:77 - [STDOUT_REDIRECT] 1 : Invalid condition id : UX_CORESTACK_Condition cause : null
2023-11-02 17:07:39,400 [INFO] LogOutputStream:77 - [STDOUT_REDIRECT] 1 : Invalid condition id : UX_CORESTACK_Condition cause : null
2023-11-02 17:07:39,404 [WARN] PackLoader:240 - Cannot read IP mode file for STMicroelectronics.X-CUBE-AZRTOS-WL.2.0.0
2023-11-02 17:07:39,416 [WARN] PackLoader:240 - Cannot read IP mode file for WES.I-CUBE-Cesium.1.3.0
2023-11-02 17:07:39,420 [WARN] PackLoader:240 - Cannot read IP mode file for STMicroelectronics.X-CUBE-BLE2.3.3.0
2023-11-02 17:07:39,428 [WARN] PackLoader:240 - Cannot read IP mode file for STMicroelectronics.X-CUBE-ALGOBUILD.1.3.0
2023-11-02 17:07:39,452 [WARN] PackLoader:240 - Cannot read IP mode file for STMicroelectronics.X-CUBE-AZRTOS-G0.1.1.0
2023-11-02 17:07:39,460 [WARN] PackLoader:240 - Cannot read IP mode file for STMicroelectronics.X-CUBE-NFC4.3.0.0
2023-11-02 17:07:39,464 [WARN] PackLoader:240 - Cannot read IP mode file for STMicroelectronics.FP-ATR-SIGFOX1.3.2.0
2023-11-02 17:07:39,520 [WARN] PackLoader:240 - Cannot read IP mode file for SEGGER.I-CUBE-embOS.1.3.1
2023-11-02 17:07:39,556 [WARN] PackLoader:240 - Cannot read IP mode file for STMicroelectronics.X-CUBE-GNSS1.6.0.0
2023-11-02 17:07:39,571 [WARN] PackLoader:240 - Cannot read IP mode file for STMicroelectronics.X-CUBE-AZRTOS-F4.1.1.0
2023-11-02 17:07:39,577 [WARN] PackLoader:240 - Cannot read IP mode file for wolfSSL.I-CUBE-wolfSSL.5.6.3
2023-11-02 17:07:39,593 [WARN] PackLoader:240 - Cannot read IP mode file for STMicroelectronics.X-CUBE-AZRTOS-L5.2.0.0
2023-11-02 17:07:39,629 [WARN] PackLoader:240 - Cannot read IP mode file for STMicroelectronics.X-CUBE-MEMS1.9.6.0
2023-11-02 17:07:39,713 [INFO] WebApp:188 - Starting web application
2023-11-02 17:07:39,713 [INFO] WebApp:520 - Web application path used C:\ST\STM32CubeIDE_1.13.1\STM32CubeIDE\plugins\com.st.stm32cube.common.mx_6.9.1.202307191849\db\plugins\mcufinder\reactClient1\index.html
2023-11-02 17:07:39,773 [WARN] PackLoader:240 - Cannot read IP mode file for STMicroelectronics.X-CUBE-EEPRMA1.4.2.0
2023-11-02 17:07:39,777 [WARN] PackLoader:240 - Cannot read IP mode file for ITTIA_DB.I-CUBE-ITTIADB.8.8.0
2023-11-02 17:07:39,784 [WARN] PackLoader:240 - Cannot read IP mode file for STMicroelectronics.X-CUBE-BLEMGR.2.0.0
2023-11-02 17:07:39,800 [WARN] ConditionMgr:438 - getConditionDescription Invalid condition id : UX DEVICE CLASS RTOS Condition cause : null
2023-11-02 17:07:39,800 [WARN] ConditionMgr:438 - getConditionDescription Invalid condition id : UX DEVICE CLASS RTOS Condition cause : null
2023-11-02 17:07:39,804 [WARN] PackLoader:240 - Cannot read IP mode file for STMicroelectronics.X-CUBE-AZRTOS-H7.3.1.0
2023-11-02 17:07:39,804 [WARN] ConditionMgr:1039 - genDependencies : Invalid condition id : UX DEVICE CLASS RTOS Condition cause : null
2023-11-02 17:07:39,804 [WARN] ConditionMgr:1039 - genDependencies : Invalid condition id : UX DEVICE CLASS RTOS Condition cause : null
2023-11-02 17:07:39,804 [WARN] ConditionMgr:1039 - genDependencies : Invalid condition id : UX DEVICE CLASS RTOS Condition cause : null
2023-11-02 17:07:39,808 [WARN] ConditionMgr:1039 - genDependencies : Invalid condition id : UX DEVICE CLASS RTOS Condition cause : null
2023-11-02 17:07:39,808 [WARN] ConditionMgr:1039 - genDependencies : Invalid condition id : UX DEVICE CLASS RTOS Condition cause : null
2023-11-02 17:07:39,812 [WARN] PackLoader:240 - Cannot read IP mode file for STMicroelectronics.X-CUBE-NFC7.1.0.1
2023-11-02 17:07:39,820 [WARN] PackLoader:240 - Cannot read IP mode file for STMicroelectronics.X-CUBE-NFC6.3.0.0
2023-11-02 17:07:39,824 [WARN] PackLoader:240 - Cannot read IP mode file for STMicroelectronics.X-CUBE-EEPRMA1.4.1.0
2023-11-02 17:07:39,828 [WARN] PackLoader:240 - Cannot read IP mode file for STMicroelectronics.X-CUBE-AI.8.1.0
2023-11-02 17:07:39,844 [WARN] ConditionMgr:438 - getConditionDescription Invalid condition id : LAN8742 Phy interface Condition cause : null
2023-11-02 17:07:39,844 [WARN] PackLoader:240 - Cannot read IP mode file for STMicroelectronics.X-CUBE-AZRTOS-L4.2.0.0
2023-11-02 17:07:39,848 [WARN] ConditionMgr:1039 - genDependencies : Invalid condition id : LAN8742 Phy interface Condition cause : null
2023-11-02 17:07:39,848 [WARN] ConditionMgr:1039 - genDependencies : Invalid condition id : LAN8742 Phy interface Condition cause : null
2023-11-02 17:07:39,848 [WARN] ConditionMgr:1039 - genDependencies : Invalid condition id : LAN8742 Phy interface Condition cause : null
2023-11-02 17:07:39,856 [WARN] PackLoader:240 - Cannot read IP mode file for STMicroelectronics.X-CUBE-SFXS2LP1.4.0.0
2023-11-02 17:07:39,860 [WARN] PackLoader:240 - Cannot read IP mode file for STMicroelectronics.X-CUBE-ISPU.1.1.0
2023-11-02 17:07:39,877 [WARN] ConditionMgr:438 - getConditionDescription Invalid condition id : UX DEVICE CLASS RTOS Condition cause : null
2023-11-02 17:07:39,877 [WARN] ConditionMgr:438 - getConditionDescription Invalid condition id : UX DEVICE CLASS RTOS Condition cause : null
2023-11-02 17:07:39,879 [WARN] PackLoader:240 - Cannot read IP mode file for STMicroelectronics.X-CUBE-AZRTOS-WB.2.0.0
2023-11-02 17:07:39,880 [WARN] ConditionMgr:1039 - genDependencies : Invalid condition id : UX DEVICE CLASS RTOS Condition cause : null
2023-11-02 17:07:39,880 [WARN] ConditionMgr:1039 - genDependencies : Invalid condition id : UX DEVICE CLASS RTOS Condition cause : null
2023-11-02 17:07:39,880 [WARN] ConditionMgr:1039 - genDependencies : Invalid condition id : UX DEVICE CLASS RTOS Condition cause : null
2023-11-02 17:07:39,881 [WARN] ConditionMgr:1039 - genDependencies : Invalid condition id : UX DEVICE CLASS RTOS Condition cause : null
2023-11-02 17:07:39,881 [WARN] ConditionMgr:1039 - genDependencies : Invalid condition id : UX DEVICE CLASS RTOS Condition cause : null
2023-11-02 17:07:39,892 [WARN] PackLoader:240 - Cannot read IP mode file for STMicroelectronics.X-CUBE-SUBG2.5.0.0
2023-11-02 17:07:39,905 [WARN] PackLoader:240 - Cannot read IP mode file for STMicroelectronics.X-CUBE-TOF1.3.3.1
2023-11-02 17:07:39,935 [WARN] PackLoader:240 - Cannot read IP mode file for STMicroelectronics.X-CUBE-AZRTOS-G4.2.0.0
2023-11-02 17:07:39,958 [WARN] PackLoader:240 - Cannot read IP mode file for Infineon.AIROC-Wi-Fi-Bluetooth-STM32.1.5.1
2023-11-02 17:07:39,993 [WARN] PackLoader:240 - Cannot read IP mode file for STMicroelectronics.X-CUBE-MEMS1.10.0.0
2023-11-02 17:07:40,116 [WARN] PackLoader:240 - Cannot read IP mode file for STMicroelectronics.X-CUBE-FREERTOS.1.1.0
2023-11-02 17:07:40,123 [WARN] PackLoader:240 - Cannot read IP mode file for portGmbH.I-Cube-SoM-uGOAL.1.1.0
2023-11-02 17:07:40,129 [WARN] PackLoader:240 - Cannot read IP mode file for STMicroelectronics.X-CUBE-ALS.1.0.1
2023-11-02 17:07:40,135 [WARN] PackLoader:240 - Cannot read IP mode file for STMicroelectronics.FP-ATR-ASTRA1.2.0.0
2023-11-02 17:07:40,136 [INFO] ThirdParty:978 - Integrity check success = true
2023-11-02 17:07:40,136 [INFO] IntegrityCheckThread:100 - exiting critical section [integrity check]
2023-11-02 17:07:40,136 [INFO] IntegrityCheckThread:103 - End integrity checks thread
2023-11-02 17:08:00,614 [ERROR] LogOutputStream:75 - [STDERR_REDIRECT] SLF4J: Failed to load class "org.slf4j.impl.StaticLoggerBinder".
2023-11-02 17:08:00,615 [ERROR] LogOutputStream:75 - [STDERR_REDIRECT] SLF4J: Defaulting to no-operation (NOP) logger implementation
2023-11-02 17:08:00,616 [ERROR] LogOutputStream:75 - [STDERR_REDIRECT] SLF4J: See http://www.slf4j.org/codes.html#StaticLoggerBinder for further details.
2023-11-02 18:32:22,177 [ERROR] LogOutputStream:75 - [STDERR_REDIRECT] 
